<?xml version="1.0" encoding="UTF-8"?>
<!-- Generated by org.testng.reporters.JUnitReportReporter -->
<testsuite hostname="DESKTOP-323PRUK" failures="0" tests="2" name="com.Test.verifyorange" time="66.529" errors="0" timestamp="2022-05-03T17:37:24 IST" skipped="0">
  <testcase classname="com.Test.verifyorange" name="verifyorange_tc001" time="31.470"/>
  <system-out/>
  <testcase classname="com.Test.verifyorange" name="verifyorange_tc001" time="35.059"/>
  <system-out/>
</testsuite> <!-- com.Test.verifyorange -->
